\BOOKMARK [0][-]{section*.1}{Abstract}{}% 1
\BOOKMARK [0][-]{section*.2}{Contents}{}% 2
\BOOKMARK [0][-]{section*.3}{List of Tables}{}% 3
\BOOKMARK [0][-]{section*.4}{List of Figures}{}% 4
\BOOKMARK [0][-]{chapter.1}{General context}{}% 5
\BOOKMARK [1][-]{section.1.1}{Alzheimer's disease}{chapter.1}% 6
\BOOKMARK [1][-]{section.1.2}{Overview of functional magnetic resonance imaging}{chapter.1}% 7
\BOOKMARK [1][-]{section.1.3}{Preprocessing}{chapter.1}% 8
\BOOKMARK [1][-]{section.1.4}{Multi-site}{chapter.1}% 9
\BOOKMARK [1][-]{section.1.5}{Resting-state connectivity}{chapter.1}% 10
\BOOKMARK [1][-]{section.1.6}{Prediction}{chapter.1}% 11
\BOOKMARK [2][-]{subsection.1.6.1}{Prediction in the context of AD}{section.1.6}% 12
\BOOKMARK [2][-]{subsection.1.6.2}{Importance of preprocessing to improve classification}{section.1.6}% 13
\BOOKMARK [2][-]{subsection.1.6.3}{High dimensionality problem}{section.1.6}% 14
\BOOKMARK [2][-]{subsection.1.6.4}{Feature selection}{section.1.6}% 15
\BOOKMARK [2][-]{subsection.1.6.5}{Classification}{section.1.6}% 16
\BOOKMARK [1][-]{section.1.7}{Objectives}{chapter.1}% 17
\BOOKMARK [0][-]{chapter.2}{Scrubbing and motion artefact correction}{}% 18
\BOOKMARK [1][-]{section.2.1}{Introduction}{chapter.2}% 19
\BOOKMARK [1][-]{section.2.2}{Method}{chapter.2}% 20
\BOOKMARK [2][-]{subsection.2.2.1}{Dataset}{section.2.2}% 21
\BOOKMARK [2][-]{subsection.2.2.2}{Preprocessing}{section.2.2}% 22
\BOOKMARK [2][-]{subsection.2.2.3}{Statistical analysis}{section.2.2}% 23
\BOOKMARK [1][-]{section.2.3}{Results}{chapter.2}% 24
\BOOKMARK [2][-]{subsection.2.3.1}{Motion distribution in different clinical cohorts}{section.2.3}% 25
\BOOKMARK [2][-]{subsection.2.3.2}{Default mode network in young adult and elderly population}{section.2.3}% 26
\BOOKMARK [2][-]{subsection.2.3.3}{Impact of scrubbing on the connectivity}{section.2.3}% 27
\BOOKMARK [2][-]{subsection.2.3.4}{Impact of scrubbing on our discriminative power between populations}{section.2.3}% 28
\BOOKMARK [1][-]{section.2.4}{Conclusion}{chapter.2}% 29
\BOOKMARK [0][-]{chapter.3}{Feasibility of multi-centric fMRI connectivity studies of Alzheimer's disease}{}% 30
\BOOKMARK [1][-]{section.3.1}{Introduction}{chapter.3}% 31
\BOOKMARK [1][-]{section.3.2}{Method}{chapter.3}% 32
\BOOKMARK [2][-]{subsection.3.2.1}{Preprocessing}{section.3.2}% 33
\BOOKMARK [2][-]{subsection.3.2.2}{Feature selection}{section.3.2}% 34
\BOOKMARK [2][-]{subsection.3.2.3}{Simulations}{section.3.2}% 35
\BOOKMARK [1][-]{section.3.3}{Results}{chapter.3}% 36
\BOOKMARK [1][-]{section.3.4}{Conclusion}{chapter.3}% 37
\BOOKMARK [0][-]{chapter.4}{Future development}{}% 38
\BOOKMARK [1][-]{section.4.1}{The connectome feature space}{chapter.4}% 39
\BOOKMARK [1][-]{section.4.2}{Feature selection and classification}{chapter.4}% 40
\BOOKMARK [1][-]{section.4.3}{Industry application and translational effort}{chapter.4}% 41
\BOOKMARK [1][-]{section.4.4}{Timeline}{chapter.4}% 42
\BOOKMARK [0][-]{section*.5}{References}{}% 43
