This is pdfTeX, Version 3.14159265-2.6-1.40.15 (TeX Live 2014) (preloaded format=pdflatex 2014.5.25)  30 NOV 2014 14:47
entering extended mode
 restricted \write18 enabled.
 %&-line parsing enabled.
**These.tex
(./These.tex
LaTeX2e <2014/05/01>
Babel <3.9k> and hyphenation patterns for 78 languages loaded.
(/usr/local/texlive/2014/texmf-dist/tex/latex/base/book.cls
Document Class: book 2007/10/19 v1.4h Standard LaTeX document class
(/usr/local/texlive/2014/texmf-dist/tex/latex/base/bk12.clo
File: bk12.clo 2007/10/19 v1.4h Standard LaTeX file (size option)
)
\c@part=\count79
\c@chapter=\count80
\c@section=\count81
\c@subsection=\count82
\c@subsubsection=\count83
\c@paragraph=\count84
\c@subparagraph=\count85
\c@figure=\count86
\c@table=\count87
\abovecaptionskip=\skip41
\belowcaptionskip=\skip42
\bibindent=\dimen102
)
(/usr/local/texlive/2014/texmf-dist/tex/latex/base/fontenc.sty
Package: fontenc 2005/09/27 v1.99g Standard LaTeX package

(/usr/local/texlive/2014/texmf-dist/tex/latex/base/t1enc.def
File: t1enc.def 2005/09/27 v1.99g Standard LaTeX file
LaTeX Font Info:    Redeclaring font encoding T1 on input line 43.
))
(/usr/local/texlive/2014/texmf-dist/tex/latex/lineno/lineno.sty
Package: lineno 2005/11/02 line numbers on paragraphs v4.41
\linenopenalty=\count88
\output=\toks14
\linenoprevgraf=\count89
\linenumbersep=\dimen103
\linenumberwidth=\dimen104
\c@linenumber=\count90
\c@pagewiselinenumber=\count91
\c@LN@truepage=\count92
\c@internallinenumber=\count93
\c@internallinenumbers=\count94
\quotelinenumbersep=\dimen105
\bframerule=\dimen106
\bframesep=\dimen107
\bframebox=\box26
LaTeX Info: Redefining \\ on input line 3056.
)
(/usr/local/texlive/2014/texmf-dist/tex/latex/psnfss/times.sty
Package: times 2005/04/12 PSNFSS-v9.2a (SPQR) 
)
(/usr/local/texlive/2014/texmf-dist/tex/latex/psnfss/mathptmx.sty
Package: mathptmx 2005/04/12 PSNFSS-v9.2a Times w/ Math, improved (SPQR, WaS) 
LaTeX Font Info:    Redeclaring symbol font `operators' on input line 28.
LaTeX Font Info:    Overwriting symbol font `operators' in version `normal'
(Font)                  OT1/cmr/m/n --> OT1/ztmcm/m/n on input line 28.
LaTeX Font Info:    Overwriting symbol font `operators' in version `bold'
(Font)                  OT1/cmr/bx/n --> OT1/ztmcm/m/n on input line 28.
LaTeX Font Info:    Redeclaring symbol font `letters' on input line 29.
LaTeX Font Info:    Overwriting symbol font `letters' in version `normal'
(Font)                  OML/cmm/m/it --> OML/ztmcm/m/it on input line 29.
LaTeX Font Info:    Overwriting symbol font `letters' in version `bold'
(Font)                  OML/cmm/b/it --> OML/ztmcm/m/it on input line 29.
LaTeX Font Info:    Redeclaring symbol font `symbols' on input line 30.
LaTeX Font Info:    Overwriting symbol font `symbols' in version `normal'
(Font)                  OMS/cmsy/m/n --> OMS/ztmcm/m/n on input line 30.
LaTeX Font Info:    Overwriting symbol font `symbols' in version `bold'
(Font)                  OMS/cmsy/b/n --> OMS/ztmcm/m/n on input line 30.
LaTeX Font Info:    Redeclaring symbol font `largesymbols' on input line 31.
LaTeX Font Info:    Overwriting symbol font `largesymbols' in version `normal'
(Font)                  OMX/cmex/m/n --> OMX/ztmcm/m/n on input line 31.
LaTeX Font Info:    Overwriting symbol font `largesymbols' in version `bold'
(Font)                  OMX/cmex/m/n --> OMX/ztmcm/m/n on input line 31.
\symbold=\mathgroup4
\symitalic=\mathgroup5
LaTeX Font Info:    Redeclaring math alphabet \mathbf on input line 34.
LaTeX Font Info:    Overwriting math alphabet `\mathbf' in version `normal'
(Font)                  OT1/cmr/bx/n --> OT1/ptm/bx/n on input line 34.
LaTeX Font Info:    Overwriting math alphabet `\mathbf' in version `bold'
(Font)                  OT1/cmr/bx/n --> OT1/ptm/bx/n on input line 34.
LaTeX Font Info:    Redeclaring math alphabet \mathit on input line 35.
LaTeX Font Info:    Overwriting math alphabet `\mathit' in version `normal'
(Font)                  OT1/cmr/m/it --> OT1/ptm/m/it on input line 35.
LaTeX Font Info:    Overwriting math alphabet `\mathit' in version `bold'
(Font)                  OT1/cmr/bx/it --> OT1/ptm/m/it on input line 35.
LaTeX Info: Redefining \hbar on input line 50.
)
(/usr/local/texlive/2014/texmf-dist/tex/latex/xcolor/xcolor.sty
Package: xcolor 2007/01/21 v2.11 LaTeX color extensions (UK)

(/usr/local/texlive/2014/texmf-dist/tex/latex/latexconfig/color.cfg
File: color.cfg 2007/01/18 v1.5 color configuration of teTeX/TeXLive
)
Package xcolor Info: Driver file: pdftex.def on input line 225.

(/usr/local/texlive/2014/texmf-dist/tex/latex/pdftex-def/pdftex.def
File: pdftex.def 2011/05/27 v0.06d Graphics/color for pdfTeX

(/usr/local/texlive/2014/texmf-dist/tex/generic/oberdiek/infwarerr.sty
Package: infwarerr 2010/04/08 v1.3 Providing info/warning/error messages (HO)
)
(/usr/local/texlive/2014/texmf-dist/tex/generic/oberdiek/ltxcmds.sty
Package: ltxcmds 2011/11/09 v1.22 LaTeX kernel commands for general use (HO)
)
\Gread@gobject=\count95
)
(/usr/local/texlive/2014/texmf-dist/tex/latex/colortbl/colortbl.sty
Package: colortbl 2012/02/13 v1.0a Color table columns (DPC)

(/usr/local/texlive/2014/texmf-dist/tex/latex/tools/array.sty
Package: array 2008/09/09 v2.4c Tabular extension package (FMi)
\col@sep=\dimen108
\extrarowheight=\dimen109
\NC@list=\toks15
\extratabsurround=\skip43
\backup@length=\skip44
)
\everycr=\toks16
\minrowclearance=\skip45
)
\rownum=\count96
Package xcolor Info: Model `cmy' substituted by `cmy0' on input line 1337.
Package xcolor Info: Model `hsb' substituted by `rgb' on input line 1341.
Package xcolor Info: Model `RGB' extended on input line 1353.
Package xcolor Info: Model `HTML' substituted by `rgb' on input line 1355.
Package xcolor Info: Model `Hsb' substituted by `hsb' on input line 1356.
Package xcolor Info: Model `tHsb' substituted by `hsb' on input line 1357.
Package xcolor Info: Model `HSB' substituted by `hsb' on input line 1358.
Package xcolor Info: Model `Gray' substituted by `gray' on input line 1359.
Package xcolor Info: Model `wave' substituted by `hsb' on input line 1360.
)
(/usr/local/texlive/2014/texmf-dist/tex/latex/tools/xspace.sty
Package: xspace 2009/10/20 v1.13 Space after command names (DPC,MH)
)
(/usr/local/texlive/2014/texmf-dist/tex/latex/graphics/lscape.sty
Package: lscape 2000/10/22 v3.01 Landscape Pages (DPC)

(/usr/local/texlive/2014/texmf-dist/tex/latex/graphics/graphics.sty
Package: graphics 2009/02/05 v1.0o Standard LaTeX Graphics (DPC,SPQR)

(/usr/local/texlive/2014/texmf-dist/tex/latex/graphics/trig.sty
Package: trig 1999/03/16 v1.09 sin cos tan (DPC)
)
(/usr/local/texlive/2014/texmf-dist/tex/latex/latexconfig/graphics.cfg
File: graphics.cfg 2010/04/23 v1.9 graphics configuration of TeX Live
)
Package graphics Info: Driver file: pdftex.def on input line 91.
))
(/usr/local/texlive/2014/texmf-dist/tex/latex/threeparttable/threeparttable.sty
Package: threeparttable 2003/06/13  v 3.0
\@tempboxb=\box27
) (/usr/local/texlive/2014/texmf-dist/tex/latex/tools/dcolumn.sty
Package: dcolumn 2001/05/28 v1.06 decimal alignment package (DPC)
)
(/usr/local/texlive/2014/texmf-dist/tex/latex/amsmath/amsmath.sty
Package: amsmath 2013/01/14 v2.14 AMS math features
\@mathmargin=\skip46

For additional information on amsmath, use the `?' option.
(/usr/local/texlive/2014/texmf-dist/tex/latex/amsmath/amstext.sty
Package: amstext 2000/06/29 v2.01

(/usr/local/texlive/2014/texmf-dist/tex/latex/amsmath/amsgen.sty
File: amsgen.sty 1999/11/30 v2.0
\@emptytoks=\toks17
\ex@=\dimen110
))
(/usr/local/texlive/2014/texmf-dist/tex/latex/amsmath/amsbsy.sty
Package: amsbsy 1999/11/29 v1.2d
\pmbraise@=\dimen111
)
(/usr/local/texlive/2014/texmf-dist/tex/latex/amsmath/amsopn.sty
Package: amsopn 1999/12/14 v2.01 operator names
)
\inf@bad=\count97
LaTeX Info: Redefining \frac on input line 210.
\uproot@=\count98
\leftroot@=\count99
LaTeX Info: Redefining \overline on input line 306.
\classnum@=\count100
\DOTSCASE@=\count101
LaTeX Info: Redefining \ldots on input line 378.
LaTeX Info: Redefining \dots on input line 381.
LaTeX Info: Redefining \cdots on input line 466.
\Mathstrutbox@=\box28
\strutbox@=\box29
\big@size=\dimen112
LaTeX Font Info:    Redeclaring font encoding OML on input line 566.
LaTeX Font Info:    Redeclaring font encoding OMS on input line 567.
\macc@depth=\count102
\c@MaxMatrixCols=\count103
\dotsspace@=\muskip10
\c@parentequation=\count104
\dspbrk@lvl=\count105
\tag@help=\toks18
\row@=\count106
\column@=\count107
\maxfields@=\count108
\andhelp@=\toks19
\eqnshift@=\dimen113
\alignsep@=\dimen114
\tagshift@=\dimen115
\tagwidth@=\dimen116
\totwidth@=\dimen117
\lineht@=\dimen118
\@envbody=\toks20
\multlinegap=\skip47
\multlinetaggap=\skip48
\mathdisplay@stack=\toks21
LaTeX Info: Redefining \[ on input line 2665.
LaTeX Info: Redefining \] on input line 2666.
)
(./udem_these_eng.sty
Package: udem_these_eng 2001/09/05
 (./udem_these.sty
Package: udem_these 2001/09/05

(/usr/local/texlive/2014/texmf-dist/tex/latex/setspace/setspace.sty
Package: setspace 2011/12/19 v6.7a set line spacing
)
(/usr/local/texlive/2014/texmf-dist/tex/latex/tools/indentfirst.sty
Package: indentfirst 1995/11/23 v1.03 Indent first paragraph (DPC)
)
(/usr/local/texlive/2014/texmf-dist/tex/latex/graphics/epsfig.sty
Package: epsfig 1999/02/16 v1.7a (e)psfig emulation (SPQR)

(/usr/local/texlive/2014/texmf-dist/tex/latex/graphics/graphicx.sty
Package: graphicx 2014/04/25 v1.0g Enhanced LaTeX Graphics (DPC,SPQR)

(/usr/local/texlive/2014/texmf-dist/tex/latex/graphics/keyval.sty
Package: keyval 2014/05/08 v1.15 key=value parser (DPC)
\KV@toks@=\toks22
)
\Gin@req@height=\dimen119
\Gin@req@width=\dimen120
)
\epsfxsize=\dimen121
\epsfysize=\dimen122
)
(/usr/local/texlive/2014/texmf-dist/tex/latex/base/ifthen.sty
Package: ifthen 2001/05/26 v1.1c Standard LaTeX ifthen package (DPC)
)
(/usr/local/texlive/2014/texmf-dist/tex/generic/oberdiek/ifpdf.sty
Package: ifpdf 2011/01/30 v2.3 Provides the ifpdf switch (HO)
Package ifpdf Info: pdfTeX in PDF mode is detected.
)
(/usr/local/texlive/2014/texmf-dist/tex/latex/natbib/natbib.sty
Package: natbib 2010/09/13 8.31b (PWD, AO)
\bibhang=\skip49
\bibsep=\skip50
LaTeX Info: Redefining \cite on input line 694.
\c@NAT@ctr=\count109
)

SVP, signaler toutes erreurs ou commentaires \`a Pierre.Carrier@UMontreal.CA

\c@lastromanpg=\count110
)) (/usr/local/texlive/2014/texmf-dist/tex/latex/amsfonts/amsfonts.sty
Package: amsfonts 2013/01/14 v3.01 Basic AMSFonts support
\symAMSa=\mathgroup6
\symAMSb=\mathgroup7
LaTeX Font Info:    Overwriting math alphabet `\mathfrak' in version `bold'
(Font)                  U/euf/m/n --> U/euf/b/n on input line 106.
)
(/usr/local/texlive/2014/texmf-dist/tex/latex/amscls/amsthm.sty
Package: amsthm 2004/08/06 v2.20
\thm@style=\toks23
\thm@bodyfont=\toks24
\thm@headfont=\toks25
\thm@notefont=\toks26
\thm@headpunct=\toks27
\thm@preskip=\skip51
\thm@postskip=\skip52
\thm@headsep=\skip53
\dth@everypar=\toks28
)
(/usr/local/texlive/2014/texmf-dist/tex/latex/float/float.sty
Package: float 2001/11/08 v1.3d Float enhancements (AL)
\c@float@type=\count111
\float@exts=\toks29
\float@box=\box30
\@float@everytoks=\toks30
\@floatcapt=\box31
)
(/usr/local/texlive/2014/texmf-dist/tex/latex/base/flafter.sty
Package: flafter 2014/04/24 v1.2n Standard LaTeX floats after reference (FMi)
)
(/usr/local/texlive/2014/texmf-dist/tex/latex/hyperref/hyperref.sty
Package: hyperref 2012/11/06 v6.83m Hypertext links for LaTeX

(/usr/local/texlive/2014/texmf-dist/tex/generic/oberdiek/hobsub-hyperref.sty
Package: hobsub-hyperref 2012/05/28 v1.13 Bundle oberdiek, subset hyperref (HO)


(/usr/local/texlive/2014/texmf-dist/tex/generic/oberdiek/hobsub-generic.sty
Package: hobsub-generic 2012/05/28 v1.13 Bundle oberdiek, subset generic (HO)
Package: hobsub 2012/05/28 v1.13 Construct package bundles (HO)
Package hobsub Info: Skipping package `infwarerr' (already loaded).
Package hobsub Info: Skipping package `ltxcmds' (already loaded).
Package: ifluatex 2010/03/01 v1.3 Provides the ifluatex switch (HO)
Package ifluatex Info: LuaTeX not detected.
Package: ifvtex 2010/03/01 v1.5 Detect VTeX and its facilities (HO)
Package ifvtex Info: VTeX not detected.
Package: intcalc 2007/09/27 v1.1 Expandable calculations with integers (HO)
Package hobsub Info: Skipping package `ifpdf' (already loaded).
Package: etexcmds 2011/02/16 v1.5 Avoid name clashes with e-TeX commands (HO)
Package etexcmds Info: Could not find \expanded.
(etexcmds)             That can mean that you are not using pdfTeX 1.50 or
(etexcmds)             that some package has redefined \expanded.
(etexcmds)             In the latter case, load this package earlier.
Package: kvsetkeys 2012/04/25 v1.16 Key value parser (HO)
Package: kvdefinekeys 2011/04/07 v1.3 Define keys (HO)
Package: pdftexcmds 2011/11/29 v0.20 Utility functions of pdfTeX for LuaTeX (HO
)
Package pdftexcmds Info: LuaTeX not detected.
Package pdftexcmds Info: \pdf@primitive is available.
Package pdftexcmds Info: \pdf@ifprimitive is available.
Package pdftexcmds Info: \pdfdraftmode found.
Package: pdfescape 2011/11/25 v1.13 Implements pdfTeX's escape features (HO)
Package: bigintcalc 2012/04/08 v1.3 Expandable calculations on big integers (HO
)
Package: bitset 2011/01/30 v1.1 Handle bit-vector datatype (HO)
Package: uniquecounter 2011/01/30 v1.2 Provide unlimited unique counter (HO)
)
Package hobsub Info: Skipping package `hobsub' (already loaded).
Package: letltxmacro 2010/09/02 v1.4 Let assignment for LaTeX macros (HO)
Package: hopatch 2012/05/28 v1.2 Wrapper for package hooks (HO)
Package: xcolor-patch 2011/01/30 xcolor patch
Package: atveryend 2011/06/30 v1.8 Hooks at the very end of document (HO)
Package atveryend Info: \enddocument detected (standard20110627).
Package: atbegshi 2011/10/05 v1.16 At begin shipout hook (HO)
Package: refcount 2011/10/16 v3.4 Data extraction from label references (HO)
Package: hycolor 2011/01/30 v1.7 Color options for hyperref/bookmark (HO)
)
(/usr/local/texlive/2014/texmf-dist/tex/generic/ifxetex/ifxetex.sty
Package: ifxetex 2010/09/12 v0.6 Provides ifxetex conditional
)
(/usr/local/texlive/2014/texmf-dist/tex/latex/oberdiek/auxhook.sty
Package: auxhook 2011/03/04 v1.3 Hooks for auxiliary files (HO)
)
(/usr/local/texlive/2014/texmf-dist/tex/latex/oberdiek/kvoptions.sty
Package: kvoptions 2011/06/30 v3.11 Key value format for package options (HO)
)
\@linkdim=\dimen123
\Hy@linkcounter=\count112
\Hy@pagecounter=\count113

(/usr/local/texlive/2014/texmf-dist/tex/latex/hyperref/pd1enc.def
File: pd1enc.def 2012/11/06 v6.83m Hyperref: PDFDocEncoding definition (HO)
)
\Hy@SavedSpaceFactor=\count114

(/usr/local/texlive/2014/texmf-dist/tex/latex/latexconfig/hyperref.cfg
File: hyperref.cfg 2002/06/06 v1.2 hyperref configuration of TeXLive
)
Package hyperref Info: Option `pdffitwindow' set `false' on input line 4319.
Package hyperref Info: Option `plainpages' set `false' on input line 4319.
Package hyperref Info: Hyper figures OFF on input line 4443.
Package hyperref Info: Link nesting OFF on input line 4448.
Package hyperref Info: Hyper index ON on input line 4451.
Package hyperref Info: Plain pages OFF on input line 4458.
Package hyperref Info: Backreferencing OFF on input line 4463.
Package hyperref Info: Implicit mode ON; LaTeX internals redefined.
Package hyperref Info: Bookmarks ON on input line 4688.
\c@Hy@tempcnt=\count115

(/usr/local/texlive/2014/texmf-dist/tex/latex/url/url.sty
\Urlmuskip=\muskip11
Package: url 2013/09/16  ver 3.4  Verb mode for urls, etc.
)
LaTeX Info: Redefining \url on input line 5041.
\XeTeXLinkMargin=\dimen124
\Fld@menulength=\count116
\Field@Width=\dimen125
\Fld@charsize=\dimen126
Package hyperref Info: Hyper figures OFF on input line 6295.
Package hyperref Info: Link nesting OFF on input line 6300.
Package hyperref Info: Hyper index ON on input line 6303.
Package hyperref Info: backreferencing OFF on input line 6310.
Package hyperref Info: Link coloring OFF on input line 6315.
Package hyperref Info: Link coloring with OCG OFF on input line 6320.
Package hyperref Info: PDF/A mode OFF on input line 6325.
LaTeX Info: Redefining \ref on input line 6365.
LaTeX Info: Redefining \pageref on input line 6369.
\Hy@abspage=\count117
\c@Item=\count118
\c@Hfootnote=\count119
)

Package hyperref Message: Driver (autodetected): hpdftex.

(/usr/local/texlive/2014/texmf-dist/tex/latex/hyperref/hpdftex.def
File: hpdftex.def 2012/11/06 v6.83m Hyperref driver for pdfTeX
\Fld@listcount=\count120
\c@bookmark@seq@number=\count121

(/usr/local/texlive/2014/texmf-dist/tex/latex/oberdiek/rerunfilecheck.sty
Package: rerunfilecheck 2011/04/15 v1.7 Rerun checks for auxiliary files (HO)
Package uniquecounter Info: New unique counter `rerunfilecheck' on input line 2
82.
)
\Hy@SectionHShift=\skip54
)
(./These.aux (./abstract.aux) (./chap1.aux) (./chap2.aux

LaTeX Warning: Label `Frame displacement' multiply defined.

) (./chap3.aux) (./chap4.aux))
\openout1 = `These.aux'.

LaTeX Font Info:    Checking defaults for OML/cmm/m/it on input line 82.
LaTeX Font Info:    ... okay on input line 82.
LaTeX Font Info:    Checking defaults for T1/cmr/m/n on input line 82.
LaTeX Font Info:    ... okay on input line 82.
LaTeX Font Info:    Checking defaults for OT1/cmr/m/n on input line 82.
LaTeX Font Info:    ... okay on input line 82.
LaTeX Font Info:    Checking defaults for OMS/cmsy/m/n on input line 82.
LaTeX Font Info:    ... okay on input line 82.
LaTeX Font Info:    Checking defaults for OMX/cmex/m/n on input line 82.
LaTeX Font Info:    ... okay on input line 82.
LaTeX Font Info:    Checking defaults for U/cmr/m/n on input line 82.
LaTeX Font Info:    ... okay on input line 82.
LaTeX Font Info:    Checking defaults for PD1/pdf/m/n on input line 82.
LaTeX Font Info:    ... okay on input line 82.
LaTeX Font Info:    Try loading font information for T1+ptm on input line 82.

(/usr/local/texlive/2014/texmf-dist/tex/latex/psnfss/t1ptm.fd
File: t1ptm.fd 2001/06/04 font definitions for T1/ptm.
)
(/usr/local/texlive/2014/texmf-dist/tex/context/base/supp-pdf.mkii
[Loading MPS to PDF converter (version 2006.09.02).]
\scratchcounter=\count122
\scratchdimen=\dimen127
\scratchbox=\box32
\nofMPsegments=\count123
\nofMParguments=\count124
\everyMPshowfont=\toks31
\MPscratchCnt=\count125
\MPscratchDim=\dimen128
\MPnumerator=\count126
\makeMPintoPDFobject=\count127
\everyMPtoPDFconversion=\toks32
) (/usr/local/texlive/2014/texmf-dist/tex/latex/oberdiek/epstopdf-base.sty
Package: epstopdf-base 2010/02/09 v2.5 Base part for package epstopdf

(/usr/local/texlive/2014/texmf-dist/tex/latex/oberdiek/grfext.sty
Package: grfext 2010/08/19 v1.1 Manage graphics extensions (HO)
)
Package grfext Info: Graphics extension search list:
(grfext)             [.png,.pdf,.jpg,.mps,.jpeg,.jbig2,.jb2,.PNG,.PDF,.JPG,.JPE
G,.JBIG2,.JB2,.eps]
(grfext)             \AppendGraphicsExtensions on input line 452.

(/usr/local/texlive/2014/texmf-dist/tex/latex/latexconfig/epstopdf-sys.cfg
File: epstopdf-sys.cfg 2010/07/13 v1.3 Configuration of (r)epstopdf for TeX Liv
e
))
\AtBeginShipoutBox=\box33
Package hyperref Info: Link coloring OFF on input line 82.

(/usr/local/texlive/2014/texmf-dist/tex/latex/hyperref/nameref.sty
Package: nameref 2012/10/27 v2.43 Cross-referencing by name of section

(/usr/local/texlive/2014/texmf-dist/tex/generic/oberdiek/gettitlestring.sty
Package: gettitlestring 2010/12/03 v1.4 Cleanup title references (HO)
)
\c@section@level=\count128
)
LaTeX Info: Redefining \ref on input line 82.
LaTeX Info: Redefining \pageref on input line 82.
LaTeX Info: Redefining \nameref on input line 82.

(./These.out) (./These.out)
\@outlinefile=\write3
\openout3 = `These.out'.


Page de presentation
LaTeX Font Info:    Font shape `T1/ptm/bx/n' in size <12> not available
(Font)              Font shape `T1/ptm/b/n' tried instead on input line 89.
LaTeX Font Info:    Try loading font information for OMS+ptm on input line 89.
(/usr/local/texlive/2014/texmf-dist/tex/latex/psnfss/omsptm.fd
File: omsptm.fd 
)
LaTeX Font Info:    Font shape `OMS/ptm/m/n' in size <12> not available
(Font)              Font shape `OMS/cmsy/m/n' tried instead on input line 89.
 [1

{/usr/local/texlive/2014/texmf-var/fonts/map/pdftex/updmap/pdftex.map}]
Page du jury
LaTeX Font Info:    Try loading font information for OT1+ztmcm on input line 89
.
(/usr/local/texlive/2014/texmf-dist/tex/latex/psnfss/ot1ztmcm.fd
File: ot1ztmcm.fd 2000/01/03 Fontinst v1.801 font definitions for OT1/ztmcm.
)
LaTeX Font Info:    Try loading font information for OML+ztmcm on input line 89
.

(/usr/local/texlive/2014/texmf-dist/tex/latex/psnfss/omlztmcm.fd
File: omlztmcm.fd 2000/01/03 Fontinst v1.801 font definitions for OML/ztmcm.
)
LaTeX Font Info:    Try loading font information for OMS+ztmcm on input line 89
.

(/usr/local/texlive/2014/texmf-dist/tex/latex/psnfss/omsztmcm.fd
File: omsztmcm.fd 2000/01/03 Fontinst v1.801 font definitions for OMS/ztmcm.
)
LaTeX Font Info:    Try loading font information for OMX+ztmcm on input line 89
.

(/usr/local/texlive/2014/texmf-dist/tex/latex/psnfss/omxztmcm.fd
File: omxztmcm.fd 2000/01/03 Fontinst v1.801 font definitions for OMX/ztmcm.
)
LaTeX Font Info:    Try loading font information for OT1+ptm on input line 89.

(/usr/local/texlive/2014/texmf-dist/tex/latex/psnfss/ot1ptm.fd
File: ot1ptm.fd 2001/06/04 font definitions for OT1/ptm.
)
LaTeX Font Info:    Font shape `OT1/ptm/bx/n' in size <12> not available
(Font)              Font shape `OT1/ptm/b/n' tried instead on input line 89.
LaTeX Font Info:    Font shape `OT1/ptm/bx/n' in size <9> not available
(Font)              Font shape `OT1/ptm/b/n' tried instead on input line 89.
LaTeX Font Info:    Font shape `OT1/ptm/bx/n' in size <7> not available
(Font)              Font shape `OT1/ptm/b/n' tried instead on input line 89.
 [2

]
\openout2 = `abstract.aux'.


(./abstract.tex

Package hyperref Warning: No destination for bookmark of \addcontentsline,
(hyperref)                destination is added on input line 1.

) [3


]

Package hyperref Warning: No destination for bookmark of \addcontentsline,
(hyperref)                destination is added on input line 94.

(./These.toc [4


]
Overfull \hbox (3.95753pt too wide) in paragraph at lines 34--34
 [] [][]\T1/ptm/b/n/12 FEASIBILITY OF MULTI-CENTRIC FMRI CON-NEC-TIV- 
 []

)
\tf@toc=\write4
\openout4 = `These.toc'.

 [5]

Package hyperref Warning: No destination for bookmark of \addcontentsline,
(hyperref)                destination is added on input line 96.

(./These.lot)
\tf@lot=\write5
\openout5 = `These.lot'.

 [6

]

Package hyperref Warning: No destination for bookmark of \addcontentsline,
(hyperref)                destination is added on input line 98.

(./These.lof)
\tf@lof=\write6
\openout6 = `These.lof'.

 [7

]
\openout2 = `chap1.aux'.

 (./chap1.tex
Chapter 1.

Overfull \hbox (3.68275pt too wide) in paragraph at lines 4--6
\T1/ptm/m/n/12 creas-ing, with tremen-dous so-cial and eco-nomic im-pact. De-sp
ite the emer-gence of promis-
 []


Overfull \hbox (6.68025pt too wide) in paragraph at lines 7--8
[]\T1/ptm/m/n/12 With the ob-jec-tive of ex-tract-ing mean-ing-ful in-for-ma-ti
on that could be used as biomark-
 []

[1



] [2] <../figures/ad_progression.png, id=355, 370.0224pt x 251.4996pt>
File: ../figures/ad_progression.png Graphic file (type png)

<use ../figures/ad_progression.png>
Package pdftex.def Info: ../figures/ad_progression.png used on input line 23.
(pdftex.def)             Requested size: 421.10086pt x 286.23282pt.
 [3] [4 <../figures/ad_progression.png>]
<../figures/bold.png, id=388, 433.62pt x 153.2124pt>
File: ../figures/bold.png Graphic file (type png)
 <use ../figures/bold.png>
Package pdftex.def Info: ../figures/bold.png used on input line 39.
(pdftex.def)             Requested size: 421.10086pt x 148.79584pt.

[5] [6 <../figures/bold.png>]
<../figures/fig_flowchart_fmri_preprocess.png, id=410, 290.16405pt x 315.8199pt
>
File: ../figures/fig_flowchart_fmri_preprocess.png Graphic file (type png)
 <use ../figures/fig_flowchart_fmri_preprocess.png>
Package pdftex.def Info: ../figures/fig_flowchart_fmri_preprocess.png used on i
nput line 53.
(pdftex.def)             Requested size: 203.11343pt x 221.07242pt.
LaTeX Font Info:    Font shape `OT1/ptm/bx/n' in size <10> not available
(Font)              Font shape `OT1/ptm/b/n' tried instead on input line 56.
LaTeX Font Info:    Font shape `OT1/ptm/bx/n' in size <7.4> not available
(Font)              Font shape `OT1/ptm/b/n' tried instead on input line 56.
LaTeX Font Info:    Font shape `OT1/ptm/bx/n' in size <6> not available
(Font)              Font shape `OT1/ptm/b/n' tried instead on input line 56.
LaTeX Font Info:    Try loading font information for T1+pcr on input line 56.

(/usr/local/texlive/2014/texmf-dist/tex/latex/psnfss/t1pcr.fd
File: t1pcr.fd 2001/06/04 font definitions for T1/pcr.
) [7 <../figures/fig_flowchart_fmri_preprocess.png>]
<../figures/motion_estimation.pdf, id=426, 249.61404pt x 191.14346pt>
File: ../figures/motion_estimation.pdf Graphic file (type pdf)

<use ../figures/motion_estimation.pdf>
Package pdftex.def Info: ../figures/motion_estimation.pdf used on input line 65
.
(pdftex.def)             Requested size: 224.65054pt x 172.0275pt.
 [8 <../figures/motion_estimation.pdf>]
Overfull \hbox (0.49222pt too wide) in paragraph at lines 102--102
[]\T1/ptm/m/it/12 Sequence type (spi-ral vs. echo pla-nar; single-echo vs. mult
i-echo) ([]Klarhofer
 []


Overfull \hbox (10.52365pt too wide) in paragraph at lines 102--102
\T1/ptm/m/it/12 echo time, and ac-qui-si-tion vol-ume (field of view, voxel siz
e, slice thick-ness/gaps,
 []

[9] [10] <../figures/resting_state.png, id=628, 307.3884pt x 231.264pt>
File: ../figures/resting_state.png Graphic file (type png)

<use ../figures/resting_state.png>
Package pdftex.def Info: ../figures/resting_state.png used on input line 116.
(pdftex.def)             Requested size: 421.10086pt x 316.82623pt.
 [11] [12 <../figures/resting_state.png>]
<../figures/connectome.png, id=651, 433.62pt x 181.1568pt>
File: ../figures/connectome.png Graphic file (type png)

<use ../figures/connectome.png>
Package pdftex.def Info: ../figures/connectome.png used on input line 130.
(pdftex.def)             Requested size: 421.10086pt x 175.93471pt.
 [13 <../figures/connectome.png>]
<../figures/CRSN.png, id=670, 731.8542pt x 800.7516pt>
File: ../figures/CRSN.png Graphic file (type png)

<use ../figures/CRSN.png>
Package pdftex.def Info: ../figures/CRSN.png used on input line 144.
(pdftex.def)             Requested size: 292.7365pt x 320.29497pt.
 [14] [15 <../figures/CRSN.png (PNG copy)>] [16]
[17]) [18] [19]
\openout2 = `chap2.aux'.

 (./chap2.tex
Chapter 2.
[20



] [21]
Underfull \hbox (badness 10000) in paragraph at lines 23--23
[][][][]$\T1/pcr/m/n/10 http : / / www . bic . mni . mcgill . ca / ServicesSoft
ware /
 []


Underfull \hbox (badness 10000) in paragraph at lines 23--23
[][][][]$\T1/pcr/m/n/10 http : / / www . calculquebec . ca / index . php / en /
 resources / compute-[]servers /
 []

[22] [23] [24]
<../figures/table_retention.pdf, id=943, 368.51672pt x 59.19185pt>
File: ../figures/table_retention.pdf Graphic file (type pdf)

<use ../figures/table_retention.pdf>
Package pdftex.def Info: ../figures/table_retention.pdf used on input line 45.
(pdftex.def)             Requested size: 315.82564pt x 50.73056pt.

<../figures/figure_fd_distrib.pdf, id=944, 401.5pt x 284.26201pt>
File: ../figures/figure_fd_distrib.pdf Graphic file (type pdf)

<use ../figures/figure_fd_distrib.pdf>
Package pdftex.def Info: ../figures/figure_fd_distrib.pdf used on input line 55
.
(pdftex.def)             Requested size: 421.10086pt x 298.1586pt.
 [25 <../figures/table_retention.pdf>]
[26 <../figures/figure_fd_distrib.pdf>]
<../figures/dmn_cny_cne.pdf, id=975, 457.71pt x 240.9pt>
File: ../figures/dmn_cny_cne.pdf Graphic file (type pdf)

<use ../figures/dmn_cny_cne.pdf>
Package pdftex.def Info: ../figures/dmn_cny_cne.pdf used on input line 69.
(pdftex.def)             Requested size: 421.10086pt x 221.64171pt.
 [27 <../figures/dmn_cny_cne.pdf>]
<../figures/figure_comp.pdf, id=1019, 328.26375pt x 181.71352pt>
File: ../figures/figure_comp.pdf Graphic file (type pdf)

<use ../figures/figure_comp.pdf>
Package pdftex.def Info: ../figures/figure_comp.pdf used on input line 87.
(pdftex.def)             Requested size: 421.10086pt x 233.11098pt.
 [28]
<../figures/figure_comp_cny.pdf, id=1026, 326.70378pt x 181.71352pt>
File: ../figures/figure_comp_cny.pdf Graphic file (type pdf)

<use ../figures/figure_comp_cny.pdf>
Package pdftex.def Info: ../figures/figure_comp_cny.pdf used on input line 97.
(pdftex.def)             Requested size: 421.10086pt x 234.2284pt.
 [29 <../figures/figure_comp.pdf>]
<../figures/scrubbing_impact_cne_mci_dat_all.pdf, id=1053, 273.1097pt x 399.332
05pt>
File: ../figures/scrubbing_impact_cne_mci_dat_all.pdf Graphic file (type pdf)
 <use ../figures/scrubbing_impact_cne_mci_dat_all.pdf>
Package pdftex.def Info: ../figures/scrubbing_impact_cne_mci_dat_all.pdf used o
n input line 111.
(pdftex.def)             Requested size: 315.82564pt x 461.81183pt.
 [30 <../figures/figure_comp_cny.pdf>] [31 <../figures/scrubbing_impact_cne_mci
_dat_all.pdf>]
<../figures/scrubbing_impact_pDAT-CNE.pdf, id=1119, 337.74858pt x 223.10107pt>
File: ../figures/scrubbing_impact_pDAT-CNE.pdf Graphic file (type pdf)

<use ../figures/scrubbing_impact_pDAT-CNE.pdf>
Package pdftex.def Info: ../figures/scrubbing_impact_pDAT-CNE.pdf used on input
 line 123.
(pdftex.def)             Requested size: 252.66309pt x 166.90326pt.

<../figures/scrubbing_impact_pDAT-pMCI.pdf, id=1120, 337.74858pt x 222.06862pt>
File: ../figures/scrubbing_impact_pDAT-pMCI.pdf Graphic file (type pdf)
<use ../figures/scrubbing_impact_pDAT-pMCI.pdf>
Package pdftex.def Info: ../figures/scrubbing_impact_pDAT-pMCI.pdf used on inpu
t line 132.
(pdftex.def)             Requested size: 252.66309pt x 166.13087pt.
 [32 <../figures/scrubbing_impact_pDAT-CNE.pdf>]
<../figures/scrubbing_impact_pMCI-CNE.pdf, id=1148, 337.74858pt x 225.0512pt>
File: ../figures/scrubbing_impact_pMCI-CNE.pdf Graphic file (type pdf)

<use ../figures/scrubbing_impact_pMCI-CNE.pdf>
Package pdftex.def Info: ../figures/scrubbing_impact_pMCI-CNE.pdf used on input
 line 141.
(pdftex.def)             Requested size: 252.66309pt x 168.36215pt.
 [33 <../figures/scrubbing_impact_pDAT-pMCI.pdf> <../figures/scrubbing_impact_p
MCI-CNE.pdf

pdfTeX warning: /usr/texbin/pdflatex (file ../figures/scrubbing_impact_pMCI-CNE
.pdf): PDF inclusion: multiple pdfs with page group included in a single page
>] [34] <../figures/p2pdetection.pdf, id=1208, 401.5pt x 228.04984pt>
File: ../figures/p2pdetection.pdf Graphic file (type pdf)

<use ../figures/p2pdetection.pdf>
Package pdftex.def Info: ../figures/p2pdetection.pdf used on input line 160.
(pdftex.def)             Requested size: 421.10086pt x 239.1984pt.

<../figures/p2pdetection_gsc_compcor.pdf, id=1209, 176.24524pt x 227.65062pt>
File: ../figures/p2pdetection_gsc_compcor.pdf Graphic file (type pdf)

<use ../figures/p2pdetection_gsc_compcor.pdf>
Package pdftex.def Info: ../figures/p2pdetection_gsc_compcor.pdf used on input 
line 170.
(pdftex.def)             Requested size: 210.55043pt x 271.97748pt.
 [35 <../figures/p2pdetection.pdf>]) [36 <../figures/p2pdetection_gsc_compcor.p
df>]
\openout2 = `chap3.aux'.

 (./chap3.tex
Chapter 3.

Underfull \hbox (badness 10000) in paragraph at lines 12--12
[][][][]$\T1/pcr/m/n/10 http : / / www . bic . mni . mcgill . ca / ServicesSoft
ware /
 []


Underfull \hbox (badness 10000) in paragraph at lines 12--12
[][][][]$\T1/pcr/m/n/10 http : / / www . calculquebec . ca / index . php / en /
 resources / compute-[]servers /
 []

[37



] [38]
Overfull \hbox (7.40375pt too wide) in paragraph at lines 21--22
 \T1/ptm/b/n/12 3.2.2.0.5 The default-mode net-work[] \T1/ptm/m/n/12 Since the 
sem-i-nal work of []Gre-icius et al.[] ([]2004[]),
 []

[39] [40] [41] [42] [43]
<../figures/fig_icc.png, id=1411, 744.7825pt x 247.92625pt>
File: ../figures/fig_icc.png Graphic file (type png)

<use ../figures/fig_icc.png>
Package pdftex.def Info: ../figures/fig_icc.png used on input line 113.
(pdftex.def)             Requested size: 421.10086pt x 140.18073pt.
 [44]
<../figures/fig_freq_sel_dat.png, id=1428, 446.11111pt x 129.37222pt>
File: ../figures/fig_freq_sel_dat.png Graphic file (type png)

<use ../figures/fig_freq_sel_dat.png>
Package pdftex.def Info: ../figures/fig_freq_sel_dat.png used on input line 126
.
(pdftex.def)             Requested size: 421.10086pt x 122.12314pt.
 [45 <../figures/fig_icc.png>]
<../figures/fig_nodes_DMN.png, id=1434, 1076.02pt x 1471.096pt>
File: ../figures/fig_nodes_DMN.png Graphic file (type png)

<use ../figures/fig_nodes_DMN.png>
Package pdftex.def Info: ../figures/fig_nodes_DMN.png used on input line 136.
(pdftex.def)             Requested size: 421.10086pt x 575.72293pt.
 [46 <../figures/fig_freq_sel_dat.png>]
Overfull \vbox (15.57697pt too high) has occurred while \output is active []


[47 <../figures/fig_nodes_DMN.png>]
<../figures/fig_nodes_non_DMN.png, id=1445, 1069.596pt x 647.218pt>
File: ../figures/fig_nodes_non_DMN.png Graphic file (type png)

<use ../figures/fig_nodes_non_DMN.png>
Package pdftex.def Info: ../figures/fig_nodes_non_DMN.png used on input line 14
6.
(pdftex.def)             Requested size: 421.10086pt x 254.8138pt.

Overfull \hbox (33.20345pt too wide) in paragraph at lines 162--180
 [] 
 []

[48 <../figures/fig_nodes_non_DMN.png>] [49]
<../figures/inter_vs_intra_3tonly.png, id=1457, 365.6862pt x 311.2428pt>
File: ../figures/inter_vs_intra_3tonly.png Graphic file (type png)

<use ../figures/inter_vs_intra_3tonly.png>
Package pdftex.def Info: ../figures/inter_vs_intra_3tonly.png used on input lin
e 210.
(pdftex.def)             Requested size: 421.10086pt x 358.4346pt.
 [50 <../figures/inter_vs_intra_3tonly.png (PNG copy)>]
<../figures/mult_center_dm_voxel_seed_3tonly.pdf, id=1465, 426.79451pt x 217.68
526pt>
File: ../figures/mult_center_dm_voxel_seed_3tonly.pdf Graphic file (type pdf)
 <use ../figures/mult_center_dm_voxel_seed_3tonly.pdf>
Package pdftex.def Info: ../figures/mult_center_dm_voxel_seed_3tonly.pdf used o
n input line 222.
(pdftex.def)             Requested size: 421.10086pt x 214.78496pt.
 [51 <../figures/mult_center_dm_voxel_seed_3tonly.pdf>]
<../figures/simu_results_multisite.pdf, id=1827, 426.79451pt x 167.71057pt>
File: ../figures/simu_results_multisite.pdf Graphic file (type pdf)

<use ../figures/simu_results_multisite.pdf>
Package pdftex.def Info: ../figures/simu_results_multisite.pdf used on input li
ne 234.
(pdftex.def)             Requested size: 421.10086pt x 165.47609pt.

<../figures/multisite_simulation_50pct.pdf, id=1828, 602.25pt x 421.575pt>
File: ../figures/multisite_simulation_50pct.pdf Graphic file (type pdf)

<use ../figures/multisite_simulation_50pct.pdf>
Package pdftex.def Info: ../figures/multisite_simulation_50pct.pdf used on inpu
t line 245.
(pdftex.def)             Requested size: 421.10086pt x 294.77884pt.
 [52 <../figures/simu_results_multisite.pdf>]) [53 <../figures/multisite_simula
tion_50pct.pdf>] [54]
\openout2 = `chap4.aux'.


(./chap4.tex
Chapter 4.
[55



] [56] [57]
Overfull \hbox (23.3376pt too wide) in paragraph at lines 38--40
[]\T1/ptm/m/n/12 Investigate mo-tion im-pact on func-tional con-nec-tiv-ity I'm
 cur-rently writ-ing a manuscript
 []

[58] [59]) [60] (./These.bbl

Package hyperref Warning: No destination for bookmark of \addcontentsline,
(hyperref)                destination is added on input line 1.


Underfull \hbox (badness 2368) in paragraph at lines 32--39
[]\T1/ptm/m/n/12 R. Baum-gart-ner, C. Windis-chberger, and E. Moser.  Quan-tifi
-ca-tion in Func-
 []


Underfull \hbox (badness 1701) in paragraph at lines 32--39
\T1/ptm/m/n/12 tional Mag-netic Res-o-nance Imag-ing: Fuzzy Clus-ter-ing vs. Co
r-re-la-tion Anal-
 []


Underfull \hbox (badness 2269) in paragraph at lines 32--39
\T1/ptm/m/n/12 y-sis.  \T1/ptm/m/it/12 Mag-netic Res-o-nance Imag-ing\T1/ptm/m/
n/12 , 16(2):115--125, Febru-ary 1998.  doi:
 []


Underfull \hbox (badness 2875) in paragraph at lines 32--39
\T1/ptm/m/n/12 10 . 1016 / S0730-[]725X(97 ) 00277-[]4$.  URL []$\T1/pcr/m/n/12
 http : / / dx . doi . org / 10 . 1016 /
 []

[61


] [62] [63]
Underfull \hbox (badness 1484) in paragraph at lines 216--224
[]\T1/ptm/m/n/12 Dietmar Cordes, Vic-tor M. Haughton, Kon-stanti-nos Ar-fanakis
, John D. Carew,
 []

[64] [65] [66] [67] [68] [69] [70]
Underfull \hbox (badness 1033) in paragraph at lines 620--627
\T1/ptm/m/n/12 Alzheimer's dis-ease.  \T1/ptm/m/it/12 The Neu-ro-sci-en-tist : 
a re-view jour-nal bring-ing neu-ro-
 []

[71] [72] [73] [74] [75] [76] [77] [78] [79] [80] [81] [82] [83])
Package atveryend Info: Empty hook `BeforeClearDocument' on input line 124.
 [84]
Package atveryend Info: Empty hook `AfterLastShipout' on input line 124.

(./These.aux (./abstract.aux) (./chap1.aux) (./chap2.aux) (./chap3.aux)
(./chap4.aux))
Package atveryend Info: Executing hook `AtVeryEndDocument' on input line 124.
Package atveryend Info: Executing hook `AtEndAfterFileList' on input line 124.
Package rerunfilecheck Info: File `These.out' has not changed.
(rerunfilecheck)             Checksum: 36AB9D85031BB9ED0D59ACE2C50FBD73;2988.


LaTeX Warning: There were multiply-defined labels.

Package atveryend Info: Empty hook `AtVeryVeryEnd' on input line 124.
 ) 
Here is how much of TeX's memory you used:
 8694 strings out of 493117
 126267 string characters out of 6135433
 231703 words of memory out of 5000000
 11575 multiletter control sequences out of 15000+600000
 54037 words of font info for 102 fonts, out of 8000000 for 9000
 1141 hyphenation exceptions out of 8191
 44i,10n,35p,1230b,690s stack positions out of 5000i,500n,10000p,200000b,80000s
pdfTeX warning (dest): name{Hfootnote.4} has been referenced but does not exi
st, replaced by a fixed one

pdfTeX warning (dest): name{Hfootnote.2} has been referenced but does not exist
, replaced by a fixed one

{/usr/local/texlive/2014/texmf-dist/fonts/enc/dvips/base/8r.enc}</usr/local/tex
live/2014/texmf-dist/fonts/type1/public/amsfonts/cm/cmex10.pfb></usr/local/texl
ive/2014/texmf-dist/fonts/type1/public/amsfonts/cm/cmmi10.pfb></usr/local/texli
ve/2014/texmf-dist/fonts/type1/public/amsfonts/cm/cmr10.pfb></usr/local/texlive
/2014/texmf-dist/fonts/type1/public/amsfonts/cm/cmss12.pfb></usr/local/texlive/
2014/texmf-dist/fonts/type1/public/amsfonts/cm/cmss8.pfb></usr/local/texlive/20
14/texmf-dist/fonts/type1/public/amsfonts/cm/cmsy10.pfb></usr/local/texlive/201
4/texmf-dist/fonts/type1/urw/courier/ucrr8a.pfb></usr/local/texlive/2014/texmf-
dist/fonts/type1/urw/symbol/usyr.pfb></usr/local/texlive/2014/texmf-dist/fonts/
type1/urw/symbol/usyr.pfb></usr/local/texlive/2014/texmf-dist/fonts/type1/urw/t
imes/utmb8a.pfb></usr/local/texlive/2014/texmf-dist/fonts/type1/urw/times/utmr8
a.pfb></usr/local/texlive/2014/texmf-dist/fonts/type1/urw/times/utmri8a.pfb>
Output written on These.pdf (91 pages, 15601815 bytes).
PDF statistics:
 2391 PDF objects out of 2487 (max. 8388607)
 1782 compressed objects within 18 object streams
 344 named destinations out of 1000 (max. 500000)
 475 words of extra memory for PDF output out of 10000 (max. 10000000)

